<?xml version="1.0" encoding="UTF-8"?>
<testsuite xmlns:xsi="http://www.w3.org/2001/XMLSchema-instance" xsi:noNamespaceSchemaLocation="https://maven.apache.org/surefire/maven-surefire-plugin/xsd/surefire-test-report-3.0.xsd" version="3.0" name="com.github.cedelsb.kafka.connect.smt.converter.SinkFieldConverterTest" time="0.057" tests="61" errors="0" skipped="0" failures="0">
  <properties>
[...]
</properties>
  <testcase name="conversion with BooleanFieldConverter for true" classname="tests for boolean field conversions" time="0.0">
    <system-err><![CDATA[feb 06, 2025 7:39:11 P. M. org.junit.vintage.engine.discovery.DefensiveAllDefaultPossibilitiesBuilder$DefensiveAnnotatedBuilder buildRunner
ADVERTENCIA: Ignoring test class using JUnitPlatform runner: com.github.cedelsb.kafka.connect.smt.converter.SinkFieldConverterTest
]]></system-err>
  </testcase>
  <testcase name="conversion with BooleanFieldConverter for false" classname="tests for boolean field conversions" time="0.0"/>
  <testcase name="optional type conversion checks" classname="tests for boolean field conversions" time="0.0"/>
  <testcase name="conversion with Int32FieldConverter for -2147483648" classname="tests for int32 field conversions" time="0.0"/>
  <testcase name="conversion with Int32FieldConverter for 0" classname="tests for int32 field conversions" time="0.0"/>
  <testcase name="conversion with Int32FieldConverter for 2147483647" classname="tests for int32 field conversions" time="0.0"/>
  <testcase name="optional type conversions" classname="tests for int32 field conversions" time="0.0"/>
  <testcase name="conversion with Float32FieldConverter for 1.4E-45" classname="tests for float32 field conversions" time="0.0"/>
  <testcase name="conversion with Float32FieldConverter for 0.0" classname="tests for float32 field conversions" time="0.0"/>
  <testcase name="conversion with Float32FieldConverter for 3.4028235E38" classname="tests for float32 field conversions" time="0.0"/>
  <testcase name="optional type conversions" classname="tests for float32 field conversions" time="0.0"/>
  <testcase name="conversion with BytesFieldConverter for java.nio.HeapByteBuffer[pos=0 lim=3 cap=3] -&gt; [-128, -127, 0]" classname="tests for bytes field conversions based on ByteBuffer" time="0.0"/>
  <testcase name="conversion with BytesFieldConverter for java.nio.HeapByteBuffer[pos=0 lim=0 cap=0] -&gt; []" classname="tests for bytes field conversions based on ByteBuffer" time="0.001"/>
  <testcase name="conversion with BytesFieldConverter for java.nio.HeapByteBuffer[pos=0 lim=3 cap=3] -&gt; [0, 126, 127]" classname="tests for bytes field conversions based on ByteBuffer" time="0.0"/>
  <testcase name="optional type conversions" classname="tests for bytes field conversions based on ByteBuffer" time="0.002"/>
  <testcase name="conversion with StringFieldConverter for fooFOO" classname="tests for string field conversions" time="0.0"/>
  <testcase name="conversion with StringFieldConverter for " classname="tests for string field conversions" time="0.0"/>
  <testcase name="conversion with StringFieldConverter for blahBLAH" classname="tests for string field conversions" time="0.0"/>
  <testcase name="optional type conversions" classname="tests for string field conversions" time="0.0"/>
  <testcase name="conversion with DateFieldConverter for Thu Jan 01 00:00:00 CET 1970" classname="tests for logical type date field conversions" time="0.001"/>
  <testcase name="conversion with DateFieldConverter for Sun Jul 31 00:00:00 CEST 1983" classname="tests for logical type date field conversions" time="0.0"/>
  <testcase name="conversion with DateFieldConverter for Thu Feb 06 00:00:00 CET 2025" classname="tests for logical type date field conversions" time="0.0"/>
  <testcase name="optional type conversions" classname="tests for logical type date field conversions" time="0.0"/>
  <testcase name="conversion with BytesFieldConverter for [-128, -127, 0]" classname="tests for bytes field conversions based on byte[]" time="0.0"/>
  <testcase name="conversion with BytesFieldConverter for []" classname="tests for bytes field conversions based on byte[]" time="0.0"/>
  <testcase name="conversion with BytesFieldConverter for [0, 126, 127]" classname="tests for bytes field conversions based on byte[]" time="0.0"/>
  <testcase name="optional type conversions" classname="tests for bytes field conversions based on byte[]" time="0.001"/>
  <testcase name="conversion with Int8FieldConverter for -128" classname="tests for int8 field conversions" time="0.0"/>
  <testcase name="conversion with Int8FieldConverter for 0" classname="tests for int8 field conversions" time="0.0"/>
  <testcase name="conversion with Int8FieldConverter for 127" classname="tests for int8 field conversions" time="0.0"/>
  <testcase name="optional type conversions" classname="tests for int8 field conversions" time="0.001"/>
  <testcase name="conversion with DecimalFieldConverter for -1234567890.09876543210(tests for logical type decimal field conversions " classname="new)" time="0.001"/>
  <testcase name="conversion with DecimalFieldConverter for 0(tests for logical type decimal field conversions " classname="new)" time="0.0"/>
  <testcase name="conversion with DecimalFieldConverter for 1234567890.09876543210(tests for logical type decimal field conversions " classname="new)" time="0.0"/>
  <testcase name="optional type conversions(tests for logical type decimal field conversions " classname="new)" time="0.001"/>
  <testcase name="conversion with Int64FieldConverter for -9223372036854775808" classname="tests for int64 field conversions" time="0.0"/>
  <testcase name="conversion with Int64FieldConverter for 0" classname="tests for int64 field conversions" time="0.0"/>
  <testcase name="conversion with Int64FieldConverter for 9223372036854775807" classname="tests for int64 field conversions" time="0.001"/>
  <testcase name="optional type conversions" classname="tests for int64 field conversions" time="0.0"/>
  <testcase name="conversion with Float64FieldConverter for 4.9E-324" classname="tests for float64 field conversions" time="0.0"/>
  <testcase name="conversion with Float64FieldConverter for 0.0" classname="tests for float64 field conversions" time="0.0"/>
  <testcase name="conversion with Float64FieldConverter for 1.7976931348623157E308" classname="tests for float64 field conversions" time="0.0"/>
  <testcase name="optional type conversions" classname="tests for float64 field conversions" time="0.001"/>
  <testcase name="conversion with TimestampFieldConverter for Thu Jan 01 00:00:00 CET 1970" classname="tests for logical type timestamp field conversions" time="0.0"/>
  <testcase name="conversion with TimestampFieldConverter for Sun Jul 31 00:00:00 CEST 1983" classname="tests for logical type timestamp field conversions" time="0.0"/>
  <testcase name="conversion with TimestampFieldConverter for Thu Feb 06 00:00:00 CET 2025" classname="tests for logical type timestamp field conversions" time="0.0"/>
  <testcase name="optional type conversions" classname="tests for logical type timestamp field conversions" time="0.001"/>
  <testcase name="tests for bytes field conversions with invalid type" classname="SinkFieldConverterTest" time="0.0"/>
  <testcase name="tests for logical type decimal field conversions (invalid)" classname="SinkFieldConverterTest" time="0.0"/>
  <testcase name="conversion with Int16FieldConverter for -32768" classname="tests for int16 field conversions" time="0.0"/>
  <testcase name="conversion with Int16FieldConverter for 0" classname="tests for int16 field conversions" time="0.0"/>
  <testcase name="conversion with Int16FieldConverter for 32767" classname="tests for int16 field conversions" time="0.0"/>
  <testcase name="optional type conversions" classname="tests for int16 field conversions" time="0.001"/>
  <testcase name="conversion with DecimalFieldConverter for -1234567890.09876543210(tests for logical type decimal field conversions " classname="legacy)" time="0.0"/>
  <testcase name="conversion with DecimalFieldConverter for 0(tests for logical type decimal field conversions " classname="legacy)" time="0.0"/>
  <testcase name="conversion with DecimalFieldConverter for 1234567890.09876543210(tests for logical type decimal field conversions " classname="legacy)" time="0.0"/>
  <testcase name="optional type conversions(tests for logical type decimal field conversions " classname="legacy)" time="0.001"/>
  <testcase name="conversion with TimeFieldConverter for Thu Jan 01 00:00:00 CET 1970" classname="tests for logical type time field conversions" time="0.0"/>
  <testcase name="conversion with TimeFieldConverter for Thu Jan 01 12:00:00 CET 1970" classname="tests for logical type time field conversions" time="0.0"/>
  <testcase name="optional type conversions" classname="tests for logical type time field conversions" time="0.001"/>
  <testcase name="" classname="JUnit Vintage" time="0.0"/>
</testsuite>