<?xml version="1.0" encoding="UTF-8"?>
<testsuite xmlns:xsi="http://www.w3.org/2001/XMLSchema-instance" xsi:noNamespaceSchemaLocation="https://maven.apache.org/surefire/maven-surefire-plugin/xsd/surefire-test-report-3.0.xsd" version="3.0" name="com.github.cedelsb.kafka.connect.smt.Record2JsonStringConverterTest" time="0.147" tests="14" errors="0" skipped="0" failures="0">
  <properties>
[...]
</properties>
  <testcase name="transformRecordValue2JsonStringXMLTest" classname="com.github.cedelsb.kafka.connect.smt.Record2JsonStringConverterTest" time="0.106"/>
  <testcase name="transformRecordKey2JsonStringTest" classname="com.github.cedelsb.kafka.connect.smt.Record2JsonStringConverterTest" time="0.001"/>
  <testcase name="transformRecordValue2JsonStringLogicalTypesDatetimeAsStringWithPatternAndZoneIdTest" classname="com.github.cedelsb.kafka.connect.smt.Record2JsonStringConverterTest" time="0.011">
    <system-err><![CDATA[java.lang.instrument.IllegalClassFormatException: Error while instrumenting sun/util/resources/cldr/ext/TimeZoneNames_en_001.
	at org.jacoco.agent.rt.internal_f3994fa.CoverageTransformer.transform(CoverageTransformer.java:94)
	at java.instrument/java.lang.instrument.ClassFileTransformer.transform(ClassFileTransformer.java:242)
	at java.instrument/sun.instrument.TransformerManager.transform(TransformerManager.java:188)
	at java.instrument/sun.instrument.InstrumentationImpl.transform(InstrumentationImpl.java:610)
	at java.base/java.lang.ClassLoader.defineClass2(Native Method)
	at java.base/java.lang.ClassLoader.defineClass(ClassLoader.java:1116)
	at java.base/java.security.SecureClassLoader.defineClass(SecureClassLoader.java:182)
	at java.base/jdk.internal.loader.BuiltinClassLoader.defineClass(BuiltinClassLoader.java:821)
	at java.base/jdk.internal.loader.BuiltinClassLoader.findClassInModuleOrNull(BuiltinClassLoader.java:741)
	at java.base/jdk.internal.loader.BuiltinClassLoader.findClass(BuiltinClassLoader.java:621)
	at java.base/java.lang.ClassLoader.loadClass(ClassLoader.java:640)
	at java.base/java.lang.Class.forName(Class.java:669)
	at java.base/java.lang.Class.forName(Class.java:644)
	at jdk.localedata/sun.util.resources.provider.LocaleDataProvider.loadResourceBundle(LocaleDataProvider.java:53)
	at jdk.localedata/sun.util.resources.provider.LocaleDataProvider.getBundle(LocaleDataProvider.java:39)
	at java.base/sun.util.resources.Bundles$2.run(Bundles.java:270)
	at java.base/sun.util.resources.Bundles$2.run(Bundles.java:265)
	at java.base/java.security.AccessController.doPrivileged(AccessController.java:319)
	at java.base/sun.util.resources.Bundles.loadBundleFromProviders(Bundles.java:264)
	at java.base/sun.util.resources.Bundles.findBundleOf(Bundles.java:201)
	at java.base/sun.util.resources.Bundles.findBundleOf(Bundles.java:160)
	at java.base/sun.util.resources.Bundles.loadBundleOf(Bundles.java:145)
	at java.base/sun.util.resources.Bundles.of(Bundles.java:106)
	at java.base/sun.util.resources.LocaleData$1.run(LocaleData.java:185)
	at java.base/sun.util.resources.LocaleData$1.run(LocaleData.java:182)
	at java.base/java.security.AccessController.doPrivileged(AccessController.java:319)
	at java.base/sun.util.resources.LocaleData.getBundle(LocaleData.java:182)
	at java.base/sun.util.resources.LocaleData.getTimeZoneNames(LocaleData.java:113)
	at java.base/sun.util.locale.provider.LocaleResources.getTimeZoneNames(LocaleResources.java:325)
	at java.base/sun.util.locale.provider.TimeZoneNameProviderImpl.getDisplayNameArray(TimeZoneNameProviderImpl.java:127)
	at java.base/sun.util.cldr.CLDRTimeZoneNameProviderImpl.getDisplayNameArray(CLDRTimeZoneNameProviderImpl.java:77)
	at java.base/sun.util.locale.provider.TimeZoneNameProviderImpl.getDisplayName(TimeZoneNameProviderImpl.java:99)
	at java.base/sun.util.locale.provider.TimeZoneNameUtility$TimeZoneNameGetter.getName(TimeZoneNameUtility.java:271)
	at java.base/sun.util.locale.provider.TimeZoneNameUtility$TimeZoneNameGetter.getObject(TimeZoneNameUtility.java:229)
	at java.base/sun.util.locale.provider.TimeZoneNameUtility$TimeZoneNameGetter.getObject(TimeZoneNameUtility.java:215)
	at java.base/sun.util.locale.provider.LocaleServiceProviderPool.getLocalizedObjectImpl(LocaleServiceProviderPool.java:284)
	at java.base/sun.util.locale.provider.LocaleServiceProviderPool.getLocalizedObject(LocaleServiceProviderPool.java:245)
	at java.base/sun.util.locale.provider.TimeZoneNameUtility.retrieveDisplayNamesImpl(TimeZoneNameUtility.java:197)
	at java.base/sun.util.locale.provider.TimeZoneNameUtility.retrieveDisplayNames(TimeZoneNameUtility.java:120)
	at java.base/java.time.format.DateTimeFormatterBuilder$ZoneTextPrinterParser.getDisplayName(DateTimeFormatterBuilder.java:4484)
	at java.base/java.time.format.DateTimeFormatterBuilder$ZoneTextPrinterParser.format(DateTimeFormatterBuilder.java:4535)
	at java.base/java.time.format.DateTimeFormatterBuilder$CompositePrinterParser.format(DateTimeFormatterBuilder.java:2537)
	at java.base/java.time.format.DateTimeFormatter.formatTo(DateTimeFormatter.java:1905)
	at java.base/java.time.format.DateTimeFormatter.format(DateTimeFormatter.java:1879)
	at com.github.cedelsb.kafka.connect.smt.converter.types.json.JsonDateTimeAsStringConverter.convert(JsonDateTimeAsStringConverter.java:86)
	at com.github.cedelsb.kafka.connect.smt.converter.types.json.JsonDateTimeAsStringConverter.convert(JsonDateTimeAsStringConverter.java:29)
	at org.bson.json.JsonWriter.doWriteDateTime(JsonWriter.java:129)
	at org.bson.AbstractBsonWriter.writeDateTime(AbstractBsonWriter.java:394)
	at org.bson.codecs.BsonDateTimeCodec.encode(BsonDateTimeCodec.java:36)
	at org.bson.codecs.BsonDateTimeCodec.encode(BsonDateTimeCodec.java:28)
	at org.bson.codecs.EncoderContext.encodeWithChildContext(EncoderContext.java:91)
	at org.bson.codecs.BsonDocumentCodec.writeValue(BsonDocumentCodec.java:139)
	at org.bson.codecs.BsonDocumentCodec.encode(BsonDocumentCodec.java:118)
	at org.bson.BsonDocument.toJson(BsonDocument.java:849)
	at com.github.cedelsb.kafka.connect.smt.Record2JsonStringConverter.apply(Record2JsonStringConverter.java:150)
	at com.github.cedelsb.kafka.connect.smt.Record2JsonStringConverterTest.transformRecordValue2JsonStringLogicalTypesDatetimeAsStringWithPatternAndZoneIdTest(Record2JsonStringConverterTest.java:297)
	at java.base/jdk.internal.reflect.DirectMethodHandleAccessor.invoke(DirectMethodHandleAccessor.java:103)
	at java.base/java.lang.reflect.Method.invoke(Method.java:580)
	at org.junit.runners.model.FrameworkMethod$1.runReflectiveCall(FrameworkMethod.java:50)
	at org.junit.internal.runners.model.ReflectiveCallable.run(ReflectiveCallable.java:12)
	at org.junit.runners.model.FrameworkMethod.invokeExplosively(FrameworkMethod.java:47)
	at org.junit.internal.runners.statements.InvokeMethod.evaluate(InvokeMethod.java:17)
	at org.junit.internal.runners.statements.RunBefores.evaluate(RunBefores.java:26)
	at org.junit.runners.ParentRunner.runLeaf(ParentRunner.java:325)
	at org.junit.runners.BlockJUnit4ClassRunner.runChild(BlockJUnit4ClassRunner.java:78)
	at org.junit.runners.BlockJUnit4ClassRunner.runChild(BlockJUnit4ClassRunner.java:57)
	at org.junit.runners.ParentRunner$3.run(ParentRunner.java:290)
	at org.junit.runners.ParentRunner$1.schedule(ParentRunner.java:71)
	at org.junit.runners.ParentRunner.runChildren(ParentRunner.java:288)
	at org.junit.runners.ParentRunner.access$000(ParentRunner.java:58)
	at org.junit.runners.ParentRunner$2.evaluate(ParentRunner.java:268)
	at org.junit.runners.ParentRunner.run(ParentRunner.java:363)
	at org.apache.maven.surefire.junit4.JUnit4Provider.execute(JUnit4Provider.java:316)
	at org.apache.maven.surefire.junit4.JUnit4Provider.executeWithRerun(JUnit4Provider.java:240)
	at org.apache.maven.surefire.junit4.JUnit4Provider.executeTestSet(JUnit4Provider.java:214)
	at org.apache.maven.surefire.junit4.JUnit4Provider.invoke(JUnit4Provider.java:155)
	at org.apache.maven.surefire.booter.ForkedBooter.runSuitesInProcess(ForkedBooter.java:385)
	at org.apache.maven.surefire.booter.ForkedBooter.execute(ForkedBooter.java:162)
	at org.apache.maven.surefire.booter.ForkedBooter.run(ForkedBooter.java:507)
	at org.apache.maven.surefire.booter.ForkedBooter.main(ForkedBooter.java:495)
Caused by: java.io.IOException: Error while instrumenting sun/util/resources/cldr/ext/TimeZoneNames_en_001.
	at org.jacoco.agent.rt.internal_f3994fa.core.instr.Instrumenter.instrumentError(Instrumenter.java:160)
	at org.jacoco.agent.rt.internal_f3994fa.core.instr.Instrumenter.instrument(Instrumenter.java:110)
	at org.jacoco.agent.rt.internal_f3994fa.CoverageTransformer.transform(CoverageTransformer.java:92)
	... 79 more
Caused by: java.lang.IllegalArgumentException: Unsupported class file major version 67
	at org.jacoco.agent.rt.internal_f3994fa.asm.ClassReader.<init>(ClassReader.java:196)
	at org.jacoco.agent.rt.internal_f3994fa.asm.ClassReader.<init>(ClassReader.java:177)
	at org.jacoco.agent.rt.internal_f3994fa.asm.ClassReader.<init>(ClassReader.java:163)
	at org.jacoco.agent.rt.internal_f3994fa.core.internal.instr.InstrSupport.classReaderFor(InstrSupport.java:280)
	at org.jacoco.agent.rt.internal_f3994fa.core.instr.Instrumenter.instrument(Instrumenter.java:76)
	at org.jacoco.agent.rt.internal_f3994fa.core.instr.Instrumenter.instrument(Instrumenter.java:108)
	... 80 more
java.lang.instrument.IllegalClassFormatException: Error while instrumenting sun/util/resources/cldr/ext/TimeZoneNames_en_GB.
	at org.jacoco.agent.rt.internal_f3994fa.CoverageTransformer.transform(CoverageTransformer.java:94)
	at java.instrument/java.lang.instrument.ClassFileTransformer.transform(ClassFileTransformer.java:242)
	at java.instrument/sun.instrument.TransformerManager.transform(TransformerManager.java:188)
	at java.instrument/sun.instrument.InstrumentationImpl.transform(InstrumentationImpl.java:610)
	at java.base/java.lang.ClassLoader.defineClass2(Native Method)
	at java.base/java.lang.ClassLoader.defineClass(ClassLoader.java:1116)
	at java.base/java.security.SecureClassLoader.defineClass(SecureClassLoader.java:182)
	at java.base/jdk.internal.loader.BuiltinClassLoader.defineClass(BuiltinClassLoader.java:821)
	at java.base/jdk.internal.loader.BuiltinClassLoader.findClassInModuleOrNull(BuiltinClassLoader.java:741)
	at java.base/jdk.internal.loader.BuiltinClassLoader.findClass(BuiltinClassLoader.java:621)
	at java.base/java.lang.ClassLoader.loadClass(ClassLoader.java:640)
	at java.base/java.lang.Class.forName(Class.java:669)
	at java.base/java.lang.Class.forName(Class.java:644)
	at jdk.localedata/sun.util.resources.provider.LocaleDataProvider.loadResourceBundle(LocaleDataProvider.java:53)
	at jdk.localedata/sun.util.resources.provider.LocaleDataProvider.getBundle(LocaleDataProvider.java:39)
	at java.base/sun.util.resources.Bundles$2.run(Bundles.java:270)
	at java.base/sun.util.resources.Bundles$2.run(Bundles.java:265)
	at java.base/java.security.AccessController.doPrivileged(AccessController.java:319)
	at java.base/sun.util.resources.Bundles.loadBundleFromProviders(Bundles.java:264)
	at java.base/sun.util.resources.Bundles.findBundleOf(Bundles.java:201)
	at java.base/sun.util.resources.Bundles.loadBundleOf(Bundles.java:145)
	at java.base/sun.util.resources.Bundles.of(Bundles.java:106)
	at java.base/sun.util.resources.LocaleData$1.run(LocaleData.java:185)
	at java.base/sun.util.resources.LocaleData$1.run(LocaleData.java:182)
	at java.base/java.security.AccessController.doPrivileged(AccessController.java:319)
	at java.base/sun.util.resources.LocaleData.getBundle(LocaleData.java:182)
	at java.base/sun.util.resources.LocaleData.getTimeZoneNames(LocaleData.java:113)
	at java.base/sun.util.locale.provider.LocaleResources.getTimeZoneNames(LocaleResources.java:325)
	at java.base/sun.util.locale.provider.TimeZoneNameProviderImpl.getDisplayNameArray(TimeZoneNameProviderImpl.java:127)
	at java.base/sun.util.cldr.CLDRTimeZoneNameProviderImpl.getDisplayNameArray(CLDRTimeZoneNameProviderImpl.java:77)
	at java.base/sun.util.locale.provider.TimeZoneNameProviderImpl.getDisplayName(TimeZoneNameProviderImpl.java:99)
	at java.base/sun.util.locale.provider.TimeZoneNameUtility$TimeZoneNameGetter.getName(TimeZoneNameUtility.java:271)
	at java.base/sun.util.locale.provider.TimeZoneNameUtility$TimeZoneNameGetter.getObject(TimeZoneNameUtility.java:229)
	at java.base/sun.util.locale.provider.TimeZoneNameUtility$TimeZoneNameGetter.getObject(TimeZoneNameUtility.java:215)
	at java.base/sun.util.locale.provider.LocaleServiceProviderPool.getLocalizedObjectImpl(LocaleServiceProviderPool.java:284)
	at java.base/sun.util.locale.provider.LocaleServiceProviderPool.getLocalizedObject(LocaleServiceProviderPool.java:245)
	at java.base/sun.util.locale.provider.TimeZoneNameUtility.retrieveDisplayNamesImpl(TimeZoneNameUtility.java:197)
	at java.base/sun.util.locale.provider.TimeZoneNameUtility.retrieveDisplayNames(TimeZoneNameUtility.java:120)
	at java.base/java.time.format.DateTimeFormatterBuilder$ZoneTextPrinterParser.getDisplayName(DateTimeFormatterBuilder.java:4484)
	at java.base/java.time.format.DateTimeFormatterBuilder$ZoneTextPrinterParser.format(DateTimeFormatterBuilder.java:4535)
	at java.base/java.time.format.DateTimeFormatterBuilder$CompositePrinterParser.format(DateTimeFormatterBuilder.java:2537)
	at java.base/java.time.format.DateTimeFormatter.formatTo(DateTimeFormatter.java:1905)
	at java.base/java.time.format.DateTimeFormatter.format(DateTimeFormatter.java:1879)
	at com.github.cedelsb.kafka.connect.smt.converter.types.json.JsonDateTimeAsStringConverter.convert(JsonDateTimeAsStringConverter.java:86)
	at com.github.cedelsb.kafka.connect.smt.converter.types.json.JsonDateTimeAsStringConverter.convert(JsonDateTimeAsStringConverter.java:29)
	at org.bson.json.JsonWriter.doWriteDateTime(JsonWriter.java:129)
	at org.bson.AbstractBsonWriter.writeDateTime(AbstractBsonWriter.java:394)
	at org.bson.codecs.BsonDateTimeCodec.encode(BsonDateTimeCodec.java:36)
	at org.bson.codecs.BsonDateTimeCodec.encode(BsonDateTimeCodec.java:28)
	at org.bson.codecs.EncoderContext.encodeWithChildContext(EncoderContext.java:91)
	at org.bson.codecs.BsonDocumentCodec.writeValue(BsonDocumentCodec.java:139)
	at org.bson.codecs.BsonDocumentCodec.encode(BsonDocumentCodec.java:118)
	at org.bson.BsonDocument.toJson(BsonDocument.java:849)
	at com.github.cedelsb.kafka.connect.smt.Record2JsonStringConverter.apply(Record2JsonStringConverter.java:150)
	at com.github.cedelsb.kafka.connect.smt.Record2JsonStringConverterTest.transformRecordValue2JsonStringLogicalTypesDatetimeAsStringWithPatternAndZoneIdTest(Record2JsonStringConverterTest.java:297)
	at java.base/jdk.internal.reflect.DirectMethodHandleAccessor.invoke(DirectMethodHandleAccessor.java:103)
	at java.base/java.lang.reflect.Method.invoke(Method.java:580)
	at org.junit.runners.model.FrameworkMethod$1.runReflectiveCall(FrameworkMethod.java:50)
	at org.junit.internal.runners.model.ReflectiveCallable.run(ReflectiveCallable.java:12)
	at org.junit.runners.model.FrameworkMethod.invokeExplosively(FrameworkMethod.java:47)
	at org.junit.internal.runners.statements.InvokeMethod.evaluate(InvokeMethod.java:17)
	at org.junit.internal.runners.statements.RunBefores.evaluate(RunBefores.java:26)
	at org.junit.runners.ParentRunner.runLeaf(ParentRunner.java:325)
	at org.junit.runners.BlockJUnit4ClassRunner.runChild(BlockJUnit4ClassRunner.java:78)
	at org.junit.runners.BlockJUnit4ClassRunner.runChild(BlockJUnit4ClassRunner.java:57)
	at org.junit.runners.ParentRunner$3.run(ParentRunner.java:290)
	at org.junit.runners.ParentRunner$1.schedule(ParentRunner.java:71)
	at org.junit.runners.ParentRunner.runChildren(ParentRunner.java:288)
	at org.junit.runners.ParentRunner.access$000(ParentRunner.java:58)
	at org.junit.runners.ParentRunner$2.evaluate(ParentRunner.java:268)
	at org.junit.runners.ParentRunner.run(ParentRunner.java:363)
	at org.apache.maven.surefire.junit4.JUnit4Provider.execute(JUnit4Provider.java:316)
	at org.apache.maven.surefire.junit4.JUnit4Provider.executeWithRerun(JUnit4Provider.java:240)
	at org.apache.maven.surefire.junit4.JUnit4Provider.executeTestSet(JUnit4Provider.java:214)
	at org.apache.maven.surefire.junit4.JUnit4Provider.invoke(JUnit4Provider.java:155)
	at org.apache.maven.surefire.booter.ForkedBooter.runSuitesInProcess(ForkedBooter.java:385)
	at org.apache.maven.surefire.booter.ForkedBooter.execute(ForkedBooter.java:162)
	at org.apache.maven.surefire.booter.ForkedBooter.run(ForkedBooter.java:507)
	at org.apache.maven.surefire.booter.ForkedBooter.main(ForkedBooter.java:495)
Caused by: java.io.IOException: Error while instrumenting sun/util/resources/cldr/ext/TimeZoneNames_en_GB.
	at org.jacoco.agent.rt.internal_f3994fa.core.instr.Instrumenter.instrumentError(Instrumenter.java:160)
	at org.jacoco.agent.rt.internal_f3994fa.core.instr.Instrumenter.instrument(Instrumenter.java:110)
	at org.jacoco.agent.rt.internal_f3994fa.CoverageTransformer.transform(CoverageTransformer.java:92)
	... 78 more
Caused by: java.lang.IllegalArgumentException: Unsupported class file major version 67
	at org.jacoco.agent.rt.internal_f3994fa.asm.ClassReader.<init>(ClassReader.java:196)
	at org.jacoco.agent.rt.internal_f3994fa.asm.ClassReader.<init>(ClassReader.java:177)
	at org.jacoco.agent.rt.internal_f3994fa.asm.ClassReader.<init>(ClassReader.java:163)
	at org.jacoco.agent.rt.internal_f3994fa.core.internal.instr.InstrSupport.classReaderFor(InstrSupport.java:280)
	at org.jacoco.agent.rt.internal_f3994fa.core.instr.Instrumenter.instrument(Instrumenter.java:76)
	at org.jacoco.agent.rt.internal_f3994fa.core.instr.Instrumenter.instrument(Instrumenter.java:108)
	... 79 more
]]></system-err>
  </testcase>
  <testcase name="transformRecordValue2JsonStringLogicalTypesTest" classname="com.github.cedelsb.kafka.connect.smt.Record2JsonStringConverterTest" time="0.0"/>
  <testcase name="handleTombstoneRecord" classname="com.github.cedelsb.kafka.connect.smt.Record2JsonStringConverterTest" time="0.0"/>
  <testcase name="transformRecordValue2JsonStringLogicalTypesDatetimeAsStringWithDefinedPatternAndZoneIdTest" classname="com.github.cedelsb.kafka.connect.smt.Record2JsonStringConverterTest" time="0.001"/>
  <testcase name="transformRecordValue2JsonStringLogicalTypesDatetimeAsWRONGVLAUETest" classname="com.github.cedelsb.kafka.connect.smt.Record2JsonStringConverterTest" time="0.0"/>
  <testcase name="transformRecordValue2JsonStringWithoutSchemaTest" classname="com.github.cedelsb.kafka.connect.smt.Record2JsonStringConverterTest" time="0.003"/>
  <testcase name="transformRecordValue2JsonStringLogicalTypesDatetimeAsStringTest" classname="com.github.cedelsb.kafka.connect.smt.Record2JsonStringConverterTest" time="0.001"/>
  <testcase name="transformRecordValue2JsonStringEXTENDEDModeTest" classname="com.github.cedelsb.kafka.connect.smt.Record2JsonStringConverterTest" time="0.001"/>
  <testcase name="transformRecordValue2JsonStringTest" classname="com.github.cedelsb.kafka.connect.smt.Record2JsonStringConverterTest" time="0.0"/>
  <testcase name="transformRecordValue2JsonStringLogicalTypesDatetimeAsLongTest" classname="com.github.cedelsb.kafka.connect.smt.Record2JsonStringConverterTest" time="0.002"/>
  <testcase name="transformRecordValue2JsonStringLogicalTypesDatetimeAsStringWithZoneIdTest" classname="com.github.cedelsb.kafka.connect.smt.Record2JsonStringConverterTest" time="0.002"/>
  <testcase name="transformRecordValue2JsonStringSTRICTModeTest" classname="com.github.cedelsb.kafka.connect.smt.Record2JsonStringConverterTest" time="0.001"/>
</testsuite>