<?xml version="1.0" encoding="UTF-8"?>
<testsuite xmlns:xsi="http://www.w3.org/2001/XMLSchema-instance" xsi:noNamespaceSchemaLocation="https://maven.apache.org/surefire/maven-surefire-plugin/xsd/surefire-test-report-3.0.xsd" version="3.0" name="com.github.cedelsb.kafka.connect.smt.converter.SinkConverterTest" time="0.034" tests="12" errors="0" skipped="0" failures="0">
  <properties>
[...]
</properties>
  <testcase name="key only SinkRecord conversion for type java.util.LinkedHashMap with data -&gt; {myField=some text}" classname="test different combinations for sink record conversions" time="0.014">
    <system-err><![CDATA[feb 06, 2025 7:39:11 P. M. org.junit.vintage.engine.discovery.DefensiveAllDefaultPossibilitiesBuilder$DefensiveAnnotatedBuilder buildRunner
ADVERTENCIA: Ignoring test class using JUnitPlatform runner: com.github.cedelsb.kafka.connect.smt.converter.SinkConverterTest
]]></system-err>
  </testcase>
  <testcase name="value only SinkRecord conversion for type java.util.LinkedHashMap with data -&gt; {myField=some text}" classname="test different combinations for sink record conversions" time="0.001"/>
  <testcase name="key + value SinkRecord conversion for type java.util.LinkedHashMap with data -&gt; {myField=some text}" classname="test different combinations for sink record conversions" time="0.001"/>
  <testcase name="key only SinkRecord conversion for type java.lang.String with data -&gt; {&quot;myField&quot;:&quot;some text&quot;}" classname="test different combinations for sink record conversions" time="0.0"/>
  <testcase name="value only SinkRecord conversion for type java.lang.String with data -&gt; {&quot;myField&quot;:&quot;some text&quot;}" classname="test different combinations for sink record conversions" time="0.001"/>
  <testcase name="key + value SinkRecord conversion for type java.lang.String with data -&gt; {&quot;myField&quot;:&quot;some text&quot;}" classname="test different combinations for sink record conversions" time="0.0"/>
  <testcase name="key only SinkRecord conversion for type org.apache.kafka.connect.data.Struct with data -&gt; Struct{myField=some text}" classname="test different combinations for sink record conversions" time="0.001"/>
  <testcase name="value only SinkRecord conversion for type org.apache.kafka.connect.data.Struct with data -&gt; Struct{myField=some text}" classname="test different combinations for sink record conversions" time="0.0"/>
  <testcase name="key + value SinkRecord conversion for type org.apache.kafka.connect.data.Struct with data -&gt; Struct{myField=some text}" classname="test different combinations for sink record conversions" time="0.0"/>
  <testcase name="test invalid sink record conversion" classname="SinkConverterTest" time="0.002"/>
  <testcase name="test empty sink record conversion" classname="SinkConverterTest" time="0.001"/>
  <testcase name="" classname="JUnit Vintage" time="0.0"/>
</testsuite>